0 info it worked if it ends with ok
1 verbose cli [ 'node', '/usr/local/bin/npm', 'install', 'nodemailer' ]
2 info using npm@1.4.28
3 info using node@v0.10.32
4 warn package.json dine_bella_vita@1.0.0 No description
5 warn package.json dine_bella_vita@1.0.0 No README data
6 verbose readDependencies using package.json deps
7 verbose cache add [ 'nodemailer', null ]
8 verbose cache add name=undefined spec="nodemailer" args=["nodemailer",null]
9 verbose parsed url { protocol: null,
9 verbose parsed url   slashes: null,
9 verbose parsed url   auth: null,
9 verbose parsed url   host: null,
9 verbose parsed url   port: null,
9 verbose parsed url   hostname: null,
9 verbose parsed url   hash: null,
9 verbose parsed url   search: null,
9 verbose parsed url   query: null,
9 verbose parsed url   pathname: 'nodemailer',
9 verbose parsed url   path: 'nodemailer',
9 verbose parsed url   href: 'nodemailer' }
10 silly lockFile 2e159dcb-nodemailer nodemailer
11 verbose lock nodemailer /Users/edwizzle/.npm/2e159dcb-nodemailer.lock
12 silly lockFile 2e159dcb-nodemailer nodemailer
13 silly lockFile 2e159dcb-nodemailer nodemailer
14 verbose addNamed [ 'nodemailer', '' ]
15 verbose addNamed [ null, '*' ]
16 silly lockFile a9602281-nodemailer nodemailer@
17 verbose lock nodemailer@ /Users/edwizzle/.npm/a9602281-nodemailer.lock
18 silly addNameRange { name: 'nodemailer', range: '*', hasData: false }
19 verbose request where is /nodemailer
20 verbose request registry https://registry.npmjs.org/
21 verbose request id 5b33be4f422252ff
22 verbose url raw /nodemailer
23 verbose url resolving [ 'https://registry.npmjs.org/', './nodemailer' ]
24 verbose url resolved https://registry.npmjs.org/nodemailer
25 verbose request where is https://registry.npmjs.org/nodemailer
26 info trying registry request attempt 1 at 18:21:54
27 verbose etag "ELSOGX6SFP0PZAZUQM8LN54WK"
28 http GET https://registry.npmjs.org/nodemailer
29 http 200 https://registry.npmjs.org/nodemailer
30 silly registry.get cb [ 200,
30 silly registry.get   { server: 'CouchDB/1.5.0 (Erlang OTP/R16B03)',
30 silly registry.get     etag: '"E2R53H5AE8UCNPDJ7HB17BU6M"',
30 silly registry.get     'content-type': 'application/json',
30 silly registry.get     'cache-control': 'max-age=60',
30 silly registry.get     'content-length': '178251',
30 silly registry.get     'accept-ranges': 'bytes',
30 silly registry.get     date: 'Fri, 11 Dec 2015 02:21:55 GMT',
30 silly registry.get     via: '1.1 varnish',
30 silly registry.get     age: '0',
30 silly registry.get     connection: 'keep-alive',
30 silly registry.get     'x-served-by': 'cache-lax1430-LAX',
30 silly registry.get     'x-cache': 'HIT',
30 silly registry.get     'x-cache-hits': '1',
30 silly registry.get     'x-timer': 'S1449800515.153035,VS0,VE82',
30 silly registry.get     vary: 'Accept' } ]
31 silly addNameRange number 2 { name: 'nodemailer', range: '*', hasData: true }
32 silly addNameRange versions [ 'nodemailer',
32 silly addNameRange   [ '0.1.1',
32 silly addNameRange     '0.1.2',
32 silly addNameRange     '0.1.3',
32 silly addNameRange     '0.1.4',
32 silly addNameRange     '0.1.5',
32 silly addNameRange     '0.1.6',
32 silly addNameRange     '0.1.7',
32 silly addNameRange     '0.1.8',
32 silly addNameRange     '0.1.9',
32 silly addNameRange     '0.1.10',
32 silly addNameRange     '0.1.11',
32 silly addNameRange     '0.1.12',
32 silly addNameRange     '0.1.13',
32 silly addNameRange     '0.1.14',
32 silly addNameRange     '0.1.15',
32 silly addNameRange     '0.1.16',
32 silly addNameRange     '0.1.17',
32 silly addNameRange     '0.1.18',
32 silly addNameRange     '0.1.19',
32 silly addNameRange     '0.1.20',
32 silly addNameRange     '0.1.21',
32 silly addNameRange     '0.1.22',
32 silly addNameRange     '0.1.23',
32 silly addNameRange     '0.1.24',
32 silly addNameRange     '0.2.0',
32 silly addNameRange     '0.2.1',
32 silly addNameRange     '0.2.2',
32 silly addNameRange     '0.2.3',
32 silly addNameRange     '0.2.4',
32 silly addNameRange     '0.3.0',
32 silly addNameRange     '0.3.1',
32 silly addNameRange     '0.3.2',
32 silly addNameRange     '0.3.3',
32 silly addNameRange     '0.3.4',
32 silly addNameRange     '0.3.5',
32 silly addNameRange     '0.3.6',
32 silly addNameRange     '0.3.7',
32 silly addNameRange     '0.3.8',
32 silly addNameRange     '0.3.9',
32 silly addNameRange     '0.3.10',
32 silly addNameRange     '0.3.11',
32 silly addNameRange     '0.3.12',
32 silly addNameRange     '0.3.13',
32 silly addNameRange     '0.3.14',
32 silly addNameRange     '0.3.15',
32 silly addNameRange     '0.3.16',
32 silly addNameRange     '0.3.17',
32 silly addNameRange     '0.3.18',
32 silly addNameRange     '0.3.19',
32 silly addNameRange     '0.3.20',
32 silly addNameRange     '0.3.21',
32 silly addNameRange     '0.3.22',
32 silly addNameRange     '0.3.23',
32 silly addNameRange     '0.3.24',
32 silly addNameRange     '0.3.25',
32 silly addNameRange     '0.3.26',
32 silly addNameRange     '0.3.27',
32 silly addNameRange     '0.3.28',
32 silly addNameRange     '0.3.29',
32 silly addNameRange     '0.3.30',
32 silly addNameRange     '0.3.31',
32 silly addNameRange     '0.3.32',
32 silly addNameRange     '0.3.33',
32 silly addNameRange     '0.3.34',
32 silly addNameRange     '0.3.35',
32 silly addNameRange     '0.3.37',
32 silly addNameRange     '0.3.38',
32 silly addNameRange     '0.3.39',
32 silly addNameRange     '0.3.40',
32 silly addNameRange     '0.3.41',
32 silly addNameRange     '0.3.42',
32 silly addNameRange     '0.3.43',
32 silly addNameRange     '0.3.44',
32 silly addNameRange     '0.4.0',
32 silly addNameRange     '0.4.1',
32 silly addNameRange     '0.4.2',
32 silly addNameRange     '0.4.3',
32 silly addNameRange     '0.4.4',
32 silly addNameRange     '0.5.0',
32 silly addNameRange     '0.5.1',
32 silly addNameRange     '0.5.2',
32 silly addNameRange     '0.5.3',
32 silly addNameRange     '0.5.4',
32 silly addNameRange     '0.5.5',
32 silly addNameRange     '0.5.6',
32 silly addNameRange     '0.5.7',
32 silly addNameRange     '0.5.8',
32 silly addNameRange     '0.5.9',
32 silly addNameRange     '0.5.10',
32 silly addNameRange     '0.5.11',
32 silly addNameRange     '0.5.12',
32 silly addNameRange     '0.5.13',
32 silly addNameRange     '0.5.14',
32 silly addNameRange     '0.5.15',
32 silly addNameRange     '0.6.0',
32 silly addNameRange     '0.6.1',
32 silly addNameRange     '0.6.2',
32 silly addNameRange     '0.6.3',
32 silly addNameRange     '0.6.4',
32 silly addNameRange     '0.6.5',
32 silly addNameRange     '0.7.0',
32 silly addNameRange     '0.7.1',
32 silly addNameRange     '1.0.0-rc.1',
32 silly addNameRange     '1.0.0',
32 silly addNameRange     '1.0.1',
32 silly addNameRange     '1.0.2',
32 silly addNameRange     '1.0.3',
32 silly addNameRange     '1.0.4',
32 silly addNameRange     '1.1.0',
32 silly addNameRange     '1.1.1',
32 silly addNameRange     '1.1.2',
32 silly addNameRange     '1.2.0',
32 silly addNameRange     '1.2.1',
32 silly addNameRange     '1.2.2',
32 silly addNameRange     '1.3.0',
32 silly addNameRange     '1.3.1',
32 silly addNameRange     '1.3.2',
32 silly addNameRange     '1.3.3',
32 silly addNameRange     '1.3.4',
32 silly addNameRange     '1.4.0',
32 silly addNameRange     '1.5.0',
32 silly addNameRange     '1.6.0',
32 silly addNameRange     '1.7.0',
32 silly addNameRange     '1.8.0',
32 silly addNameRange     '1.9.0',
32 silly addNameRange     '1.10.0' ] ]
33 verbose addNamed [ 'nodemailer', '1.10.0' ]
34 verbose addNamed [ '1.10.0', '1.10.0' ]
35 silly lockFile d775a011-nodemailer-1-10-0 nodemailer@1.10.0
36 verbose lock nodemailer@1.10.0 /Users/edwizzle/.npm/d775a011-nodemailer-1-10-0.lock
37 silly lockFile 609eae75-nodemailer-nodemailer-1-10-0-tgz https://registry.npmjs.org/nodemailer/-/nodemailer-1.10.0.tgz
38 verbose lock https://registry.npmjs.org/nodemailer/-/nodemailer-1.10.0.tgz /Users/edwizzle/.npm/609eae75-nodemailer-nodemailer-1-10-0-tgz.lock
39 verbose addRemoteTarball [ 'https://registry.npmjs.org/nodemailer/-/nodemailer-1.10.0.tgz',
39 verbose addRemoteTarball   '57e6f02ce2cd54910c23d4c4001e2c474021b541' ]
40 info retry fetch attempt 1 at 18:21:55
41 verbose fetch to= /var/folders/r9/nbmq_f2d3fj463w4dq7hmvpr0000gn/T/npm-58547-EbB-zJpC/registry.npmjs.org/nodemailer/-/nodemailer-1.10.0.tgz
42 http GET https://registry.npmjs.org/nodemailer/-/nodemailer-1.10.0.tgz
43 http 200 https://registry.npmjs.org/nodemailer/-/nodemailer-1.10.0.tgz
44 silly lockFile 609eae75-nodemailer-nodemailer-1-10-0-tgz https://registry.npmjs.org/nodemailer/-/nodemailer-1.10.0.tgz
45 silly lockFile 609eae75-nodemailer-nodemailer-1-10-0-tgz https://registry.npmjs.org/nodemailer/-/nodemailer-1.10.0.tgz
46 silly lockFile d775a011-nodemailer-1-10-0 nodemailer@1.10.0
47 silly lockFile d775a011-nodemailer-1-10-0 nodemailer@1.10.0
48 silly lockFile a9602281-nodemailer nodemailer@
49 silly lockFile a9602281-nodemailer nodemailer@
50 error Error: EACCES, mkdir '/Users/edwizzle/.npm/nodemailer/1.10.0'
50 error  { [Error: EACCES, mkdir '/Users/edwizzle/.npm/nodemailer/1.10.0']
50 error   errno: 3,
50 error   code: 'EACCES',
50 error   path: '/Users/edwizzle/.npm/nodemailer/1.10.0',
50 error   parent: 'dine_bella_vita' }
51 error Please try running this command again as root/Administrator.
52 error System Darwin 15.0.0
53 error command "node" "/usr/local/bin/npm" "install" "nodemailer"
54 error cwd /Users/edwizzle/Developer/dine_bella_vita
55 error node -v v0.10.32
56 error npm -v 1.4.28
57 error path /Users/edwizzle/.npm/nodemailer/1.10.0
58 error code EACCES
59 error errno 3
60 error stack Error: EACCES, mkdir '/Users/edwizzle/.npm/nodemailer/1.10.0'
61 verbose exit [ 3, true ]
